<?xml version="1.0"?>
<thresholding-config>

        <group name="generic-snmp"
                rrdRepository = "${install.share.dir}/rrd/snmp/">
                <threshold type="high" ds-name="ifInOctets"  ds-type="if" value="90" rearm="50" trigger="1">
                	<resource-filter field='snmpifalias'>wlan0</resource-filter>
                </threshold>
                <threshold type="high" ds-name="ifOutOctets"  ds-type="if" value="90" rearm="50" trigger="1">
                	<resource-filter field='domain'>myDomain</resource-filter>
                </threshold>
        </group>
 
</thresholding-config>
