<?xml version="1.0"?>
<thresholding-config>

        <group name="generic-snmp" rrdRepository = "${install.share.dir}/rrd/snmp/">
                <threshold type="high" ds-name="freeMem"  ds-type="node" value="4000" rearm="2000" trigger="1"/>
                <threshold type="high" ds-name="ifInOctets"  ds-type="if" value="90" rearm="50" trigger="1">
                	<resource-filter field='snmpifdescr'>wlan0</resource-filter>
                </threshold>
                <threshold type="high" ds-name="ifOutOctets"  ds-type="if" value="90" rearm="50" trigger="1"/>
                <expression type="high" ds-type="hrStorageIndex" value="30.0" rearm="25.0" trigger="1" ds-label="hrStorageDescr"
                    expression="(((hrStorageAllocUnits*hrStorageUsed)/(hrStorageAllocUnits*hrStorageSize))*100)">
                    <resource-filter field="hrStorageDescr">^/opt</resource-filter>
                </expression>
        </group>

</thresholding-config>
