<?xml version="1.0" encoding="UTF-8"?>
<blueprint xmlns="http://www.osgi.org/xmlns/blueprint/v1.0.0" xmlns:xsi="http://www.w3.org/2001/XMLSchema-instance" xsi:schemaLocation="http://www.osgi.org/xmlns/blueprint/v1.0.0 https://osgi.org/xmlns/blueprint/v1.0.0/blueprint.xsd">

  <!--
    This exposes the MonkeyServlet test servlet as a blueprint service so that it can be dynamically
    mapped into an OSGi HTTP service.
  -->
  <service interface="javax.servlet.Servlet" >
    <service-properties>
      <entry key="alias" value="/test-servlet"/>
    </service-properties>
    <bean class="org.opennms.core.test.http.MonkeyServlet"/>
  </service>

</blueprint>
