<?xml version="1.0" encoding="UTF-8"?>
<beans xmlns="http://www.springframework.org/schema/beans"
  xmlns:xsi="http://www.w3.org/2001/XMLSchema-instance"
  xmlns:context="http://www.springframework.org/schema/context"
  xsi:schemaLocation="
  http://www.springframework.org/schema/beans http://www.springframework.org/schema/beans/spring-beans-4.1.xsd
  http://www.springframework.org/schema/context http://www.springframework.org/schema/context/spring-context-4.1.xsd
">

    <context:annotation-config />

    <bean id="droolsCorrelationEngineBuilderConfigurationResource" class="java.lang.String">
        <constructor-arg value="file:target/opennms-home/etc/drools-engine.xml" />
    </bean>

    <bean id="droolsCorrelationEngineBuilderConfigurationDirectory" class="java.lang.String">
        <constructor-arg value="file:target/opennms-home/etc/drools-engine.d" />
    </bean>

    <bean id="correlator" class="org.opennms.netmgt.correlation.Correlator">
	  <property name="eventIpcManager" ref="eventIpcManager" />
    </bean>

	<bean id="metricRegistry" class="com.codahale.metrics.MetricRegistry" />

    <bean id="droolsCorrelationEngineBuilder" class="org.opennms.netmgt.correlation.drools.DroolsCorrelationEngineBuilder"/>
</beans>
