<?xml version="1.0" encoding="UTF-8"?>
<beans xmlns="http://www.springframework.org/schema/beans" xmlns:xsi="http://www.w3.org/2001/XMLSchema-instance"
	xsi:schemaLocation="http://www.springframework.org/schema/beans
        http://www.springframework.org/schema/beans/spring-beans-4.0.xsd">

    <bean id="droolsCorrelationEngineBuilderConfigurationResource" class="java.lang.String">
        <constructor-arg value="file:#{systemProperties['opennms.home']}/etc/examples/etc/drools-engine.xml" />
    </bean>

    <bean id="droolsCorrelationEngineBuilderConfigurationDirectory" class="java.lang.String">
        <constructor-arg value="file:#{systemProperties['opennms.home']}/etc/examples/drools-engine.d" />
    </bean>

    <bean id="droolsCorrelationEngineBuilder" class="org.opennms.netmgt.correlation.drools.DroolsCorrelationEngineBuilder">
    	<property name="eventIpcManager" ref="eventIpcManager" />
        <property name="metricRegistry" ref="metricRegistry" />
        <property name="correlationEngineRegistrar" ref="correlator" />
    	<property name="configurationResource" ref="droolsCorrelationEngineBuilderConfigurationResource"/>
    	<property name="configurationDirectory" ref="droolsCorrelationEngineBuilderConfigurationDirectory"/>
    </bean>

    <bean name="correlator" class="org.opennms.netmgt.correlation.drools.MockCorrelator" />

    <bean id="metricRegistry" class="com.codahale.metrics.MetricRegistry" />

</beans>