<?xml version="1.0" encoding="UTF-8"?>
<hardware-inventory-adapter-configuration>

  <hw-extension name="Bad-Config" sysOidMask=".1.3.6.1.4.1.9.">
    <mibObj alias="ceAssetSerialNumber" type="string" oid=".1.3.6.1.4.1.9.9.92.1.1.1.2" replace="fooBar" /> <!--  Invalid replace -->
  </hw-extension> 

</hardware-inventory-adapter-configuration> 
