<?xml version="1.0" encoding="UTF-8"?>
<hardware-inventory-adapter-configuration>

  <!-- 
       The standard ENTITY-MIB provides the following data:

       EntPhysicalEntry ::= SEQUENCE {
             entPhysicalIndex          PhysicalIndex,
             entPhysicalDescr          SnmpAdminString,
             entPhysicalVendorType     AutonomousType,
             entPhysicalContainedIn    PhysicalIndexOrZero,
             entPhysicalClass          PhysicalClass,
             entPhysicalParentRelPos   Integer32,
             entPhysicalName           SnmpAdminString,
             entPhysicalHardwareRev    SnmpAdminString,
             entPhysicalFirmwareRev    SnmpAdminString,
             entPhysicalSoftwareRev    SnmpAdminString,
             entPhysicalSerialNum      SnmpAdminString,
             entPhysicalMfgName        SnmpAdminString,
             entPhysicalModelName      SnmpAdminString,
             entPhysicalAlias          SnmpAdminString,
             entPhysicalAssetID        SnmpAdminString,
             entPhysicalIsFRU          TruthValue,
             entPhysicalMfgDate        DateAndTime,
             entPhysicalUris           OCTET STRING
       }
  -->

  <hw-extension name="CISCO-ENTITY-EXT-MIB" sysOidMask=".1.3.6.1.4.1.9.">
    <mibObj oid=".1.3.6.1.4.1.9.9.195.1.1.1.1" type="integer" alias="ceExtProcessorRam" />
    <mibObj oid=".1.3.6.1.4.1.9.9.195.1.1.1.2" type="integer" alias="ceExtNVRAMSize" />
    <mibObj oid=".1.3.6.1.4.1.9.9.195.1.1.1.3" type="integer" alias="ceExtNVRAMUsed" />
    <mibObj oid=".1.3.6.1.4.1.9.9.195.1.1.1.4" type="integer" alias="ceExtProcessorRamOverflow" />
    <mibObj oid=".1.3.6.1.4.1.9.9.195.1.1.1.5" type="integer" alias="ceExtHCProcessorRam" />
  </hw-extension> 

  <hw-extension name="CISCO-ENTITY-ASSET-MIB" sysOidMask=".1.3.6.1.4.1.9.">
    <mibObj oid=".1.3.6.1.4.1.9.9.92.1.1.1.1"  type="string" alias="ceAssetOEMString" />
    <mibObj oid=".1.3.6.1.4.1.9.9.92.1.1.1.2"  type="string" alias="ceAssetSerialNumber" replace="entPhysicalSerialNum" />
    <mibObj oid=".1.3.6.1.4.1.9.9.92.1.1.1.3"  type="string" alias="ceAssetOrderablePartNumber" />
    <mibObj oid=".1.3.6.1.4.1.9.9.92.1.1.1.4"  type="string" alias="ceAssetHardwareRevision" replace="entPhysicalHardwareRev" />
    <mibObj oid=".1.3.6.1.4.1.9.9.92.1.1.1.5"  type="string" alias="ceAssetMfgAssyNumber" />
    <mibObj oid=".1.3.6.1.4.1.9.9.92.1.1.1.6"  type="string" alias="ceAssetMfgAssyRevision" />
    <mibObj oid=".1.3.6.1.4.1.9.9.92.1.1.1.7"  type="string" alias="ceAssetFirmwareID" />
    <mibObj oid=".1.3.6.1.4.1.9.9.92.1.1.1.8"  type="string" alias="ceAssetFirmwareRevision" replace="entPhysicalFirmwareRev" />
    <mibObj oid=".1.3.6.1.4.1.9.9.92.1.1.1.9"  type="string" alias="ceAssetSoftwareID" />
    <mibObj oid=".1.3.6.1.4.1.9.9.92.1.1.1.10" type="string" alias="ceAssetSoftwareRevision" replace="entPhysicalSoftwareRev" />
    <mibObj oid=".1.3.6.1.4.1.9.9.92.1.1.1.11" type="string" alias="ceAssetCLEI" />
    <mibObj oid=".1.3.6.1.4.1.9.9.92.1.1.1.12" type="string" alias="ceAssetAlias" />
  </hw-extension> 

  <hw-extension name="ALCATEL-IND1-CHASSIS-MIB" sysOidMask=".1.3.6.1.4.1.637.">
    <mibObj oid=".1.3.6.1.4.1.637.800.1.1.1.1.1.1.1.7"  type="string" alias="chasEntPhysPartNumber" />
    <mibObj oid=".1.3.6.1.4.1.637.800.1.1.1.1.1.1.1.22" type="string" alias="chasEntPhysAsicRev" />
    <mibObj oid=".1.3.6.1.4.1.637.800.1.1.1.1.1.1.1.23" type="string" alias="chasEntPhysCpldRev" />
    <mibObj oid=".1.3.6.1.4.1.637.800.1.1.1.1.1.1.1.24" type="string" alias="chasEntPhysDefaultMinibootRev" />
    <mibObj oid=".1.3.6.1.4.1.637.800.1.1.1.1.1.1.1.25" type="string" alias="chasEntPhysBackUpMinibootRev" />
    <mibObj oid=".1.3.6.1.4.1.637.800.1.1.1.1.1.1.1.26" type="string" alias="chasEntPhysBootromRev" />
    <mibObj oid=".1.3.6.1.4.1.637.800.1.1.1.1.1.1.1.30" type="string" alias="chasEntPhysUbootRev" />
    <mibObj oid=".1.3.6.1.4.1.637.800.1.1.1.1.1.1.1.31" type="string" alias="chasEntPhysUbootMinibootRev" />
    <mibObj oid=".1.3.6.1.4.1.637.800.1.1.1.1.1.1.1.32" type="string" alias="chasEntPhysMacAddress" />
    <mibObj oid=".1.3.6.1.4.1.637.800.1.1.1.1.1.1.1.33" type="string" alias="chasEntPhysPoeSwVersion" />
  </hw-extension>

</hardware-inventory-adapter-configuration>
