<?xml version="1.0" encoding="UTF-8"?>
<hardware-inventory-adapter-configuration>

  <hw-extension name="CISCO-ENTITY-EXT-MIB" sysOidMask=".1.3.6.1.4.1.9.">
    <mibObj alias="ceExtProcessorRam" type="integer" oid=".1.3.6.1.4.1.9.9.195.1.1.1.1" />
    <mibObj alias="ceExtProcessorRam" type="integer" oid=".1.3.6.1.4.1.9.9.195.1.1.1.2" /> <!--  Duplicate Name -->
    <mibObj alias="ceExtNVRAMUsed" type="integer" oid=".1.3.6.1.4.1.9.9.195.1.1.1.3" />
    <mibObj alias="ceExtProcessorRamOverflow" type="integer" oid=".1.3.6.1.4.1.9.9.195.1.1.1.4" />
    <mibObj alias="ceExtHCProcessorRam" type="integer" oid=".1.3.6.1.4.1.9.9.195.1.1.1.5" />
    <mibObj alias="ceAssetSerialNumber" type="string" oid=".1.3.6.1.4.1.9.9.92.1.1.1.2" replace="entPhysicalSerialNum" />
  </hw-extension> 

</hardware-inventory-adapter-configuration> 
