<?xml version="1.0" encoding="UTF-8"?>
<beans xmlns="http://www.springframework.org/schema/beans"
       xmlns:xsi="http://www.w3.org/2001/XMLSchema-instance"
       xmlns:tx="http://www.springframework.org/schema/tx"
       xmlns:context="http://www.springframework.org/schema/context"
       xsi:schemaLocation="http://www.springframework.org/schema/beans http://www.springframework.org/schema/beans/spring-beans.xsd
       http://www.springframework.org/schema/tx http://www.springframework.org/schema/tx/spring-tx-4.0.xsd
       http://www.springframework.org/schema/context http://www.springframework.org/schema/context/spring-context-4.0.xsd"
        >

    <context:annotation-config />
    <tx:annotation-driven/>

    <bean id="jmxConfigResourceLocation" class="java.lang.String">
        <constructor-arg value="test-jmx-config.xml"/>
    </bean>

    <bean id="jmxConfigDao" class="org.opennms.netmgt.dao.jmx.JmxConfigDaoJaxb">
        <property name="configResource" ref="jmxConfigResourceLocation"/>
    </bean>

</beans>
